{"message":"listening on port 3010","level":"info","service":"user-service"}
{"message":"Connected to DB mongodb+srv://admin:vin10lAlle@finferie.gm1eg.mongodb.net/finferie?retryWrites=true&w=majority","level":"info","service":"user-service"}
{"message":"listening on port 3010","level":"info","service":"user-service"}
{"message":"Connected to DB mongodb+srv://admin:vin10lAlle@finferie.gm1eg.mongodb.net/finferie?retryWrites=true&w=majority","level":"info","service":"user-service"}
{"service":"user-service","level":"error","message":"Cannot access 'user' before initialization Cannot access 'user' before initialization","stack":"ReferenceError: Cannot access 'user' before initialization\n    at C:\\dev\\Node_js\\finferie\\routes\\users.js:47:40"}
{"message":"listening on port 3010","level":"info","service":"user-service"}
{"message":"Connected to DB mongodb+srv://admin:vin10lAlle@finferie.gm1eg.mongodb.net/finferie?retryWrites=true&w=majority","level":"info","service":"user-service"}
{"message":"listening on port 3010","level":"info","service":"user-service"}
{"message":"Connected to DB mongodb+srv://admin:vin10lAlle@finferie.gm1eg.mongodb.net/finferie?retryWrites=true&w=majority","level":"info","service":"user-service"}
{"message":"listening on port 3010","level":"info","service":"user-service"}
{"message":"Connected to DB mongodb+srv://admin:vin10lAlle@finferie.gm1eg.mongodb.net/finferie?retryWrites=true&w=majority","level":"info","service":"user-service"}
{"message":"listening on port 3010","level":"info","service":"user-service"}
{"message":"Connected to DB mongodb+srv://admin:vin10lAlle@finferie.gm1eg.mongodb.net/finferie?retryWrites=true&w=majority","level":"info","service":"user-service"}
{"message":"listening on port 3005","level":"info","service":"user-service"}
{"message":"Connected to DB mongodb+srv://admin:vin10lAlle@finferie.gm1eg.mongodb.net/finferie?retryWrites=true&w=majority","level":"info","service":"user-service"}
{"message":"listening on port 3005","level":"info","service":"user-service"}
{"message":"Connected to DB mongodb+srv://admin:vin10lAlle@finferie.gm1eg.mongodb.net/finferie?retryWrites=true&w=majority","level":"info","service":"user-service"}
{"message":"listening on port 3005","level":"info","service":"user-service"}
{"message":"Connected to DB mongodb+srv://admin:vin10lAlle@finferie.gm1eg.mongodb.net/finferie?retryWrites=true&w=majority","level":"info","service":"user-service"}
{"message":"Connected to DB mongodb+srv://admin:vin10lAlle@finferie.gm1eg.mongodb.net/finferie?retryWrites=true&w=majority","level":"info","service":"user-service"}
{"message":"Connected to DB mongodb+srv://admin:vin10lAlle@finferie.gm1eg.mongodb.net/finferie?retryWrites=true&w=majority","level":"info","service":"user-service"}
{"message":"listening on port 3005","level":"info","service":"user-service"}
{"message":"Connected to DB mongodb+srv://admin:vin10lAlle@finferie.gm1eg.mongodb.net/finferie?retryWrites=true&w=majority","level":"info","service":"user-service"}
{"message":"listening on port 3005","level":"info","service":"user-service"}
{"message":"Connected to DB mongodb+srv://admin:vin10lAlle@finferie.gm1eg.mongodb.net/finferie?retryWrites=true&w=majority","level":"info","service":"user-service"}
{"message":"listening on port 3005","level":"info","service":"user-service"}
{"message":"Connected to DB mongodb+srv://admin:vin10lAlle@finferie.gm1eg.mongodb.net/finferie?retryWrites=true&w=majority","level":"info","service":"user-service"}
{"message":"listening on port 3005","level":"info","service":"user-service"}
{"message":"Connected to DB mongodb+srv://admin:vin10lAlle@finferie.gm1eg.mongodb.net/finferie?retryWrites=true&w=majority","level":"info","service":"user-service"}
{"message":"listening on port 3005","level":"info","service":"user-service"}
{"message":"Connected to DB mongodb+srv://admin:vin10lAlle@finferie.gm1eg.mongodb.net/finferie?retryWrites=true&w=majority","level":"info","service":"user-service"}
{"message":"listening on port 3005","level":"info","service":"user-service"}
{"service":"user-service","level":"error","message":"DB Error: "}
{"message":"listening on port 3005","level":"info","service":"user-service"}
{"message":"Connected to DB mongodb+srv://admin:vin10lAlle@finferie.gm1eg.mongodb.net/finferie?retryWrites=true&w=majority","level":"info","service":"user-service"}
{"message":"listening on port 3005","level":"info","service":"user-service"}
{"message":"Connected to DB mongodb+srv://admin:vin10lAlle@finferie.gm1eg.mongodb.net/finferie?retryWrites=true&w=majority","level":"info","service":"user-service"}
{"message":"listening on port 3005","level":"info","service":"user-service"}
{"message":"Connected to DB mongodb+srv://admin:vin10lAlle@finferie.gm1eg.mongodb.net/finferie?retryWrites=true&w=majority","level":"info","service":"user-service"}
{"message":"listening on port 3005","level":"info","service":"user-service"}
{"message":"Connected to DB mongodb+srv://admin:vin10lAlle@finferie.gm1eg.mongodb.net/finferie?retryWrites=true&w=majority","level":"info","service":"user-service"}
{"message":"listening on port 3005","level":"info","service":"user-service"}
{"message":"Connected to DB mongodb+srv://admin:vin10lAlle@finferie.gm1eg.mongodb.net/finferie?retryWrites=true&w=majority","level":"info","service":"user-service"}
{"message":"listening on port 3005","level":"info","service":"user-service"}
{"message":"Connected to DB mongodb+srv://admin:vin10lAlle@finferie.gm1eg.mongodb.net/finferie?retryWrites=true&w=majority","level":"info","service":"user-service"}
{"service":"user-service","level":"error","message":"Joi.Date is not a function Joi.Date is not a function","stack":"TypeError: Joi.Date is not a function\n    at validate (C:\\dev\\Node_js\\finferie\\model\\review.js:35:19)\n    at C:\\dev\\Node_js\\finferie\\routes\\reviews.js:15:23\n    at newFn (C:\\dev\\Node_js\\finferie\\node_modules\\express-async-errors\\index.js:16:20)\n    at Layer.handle [as handle_request] (C:\\dev\\Node_js\\finferie\\node_modules\\express\\lib\\router\\layer.js:95:5)\n    at next (C:\\dev\\Node_js\\finferie\\node_modules\\express\\lib\\router\\route.js:137:13)\n    at module.exports (C:\\dev\\Node_js\\finferie\\middleware\\auth.js:11:9)\n    at newFn (C:\\dev\\Node_js\\finferie\\node_modules\\express-async-errors\\index.js:16:20)\n    at Layer.handle [as handle_request] (C:\\dev\\Node_js\\finferie\\node_modules\\express\\lib\\router\\layer.js:95:5)\n    at next (C:\\dev\\Node_js\\finferie\\node_modules\\express\\lib\\router\\route.js:137:13)\n    at Route.dispatch (C:\\dev\\Node_js\\finferie\\node_modules\\express\\lib\\router\\route.js:112:3)\n    at newFn (C:\\dev\\Node_js\\finferie\\node_modules\\express-async-errors\\index.js:16:20)\n    at Layer.handle [as handle_request] (C:\\dev\\Node_js\\finferie\\node_modules\\express\\lib\\router\\layer.js:95:5)\n    at C:\\dev\\Node_js\\finferie\\node_modules\\express\\lib\\router\\index.js:281:22\n    at Function.process_params (C:\\dev\\Node_js\\finferie\\node_modules\\express\\lib\\router\\index.js:335:12)\n    at next (C:\\dev\\Node_js\\finferie\\node_modules\\express\\lib\\router\\index.js:275:10)\n    at Function.handle (C:\\dev\\Node_js\\finferie\\node_modules\\express\\lib\\router\\index.js:174:3)"}
{"message":"listening on port 3005","level":"info","service":"user-service"}
{"message":"Connected to DB mongodb+srv://admin:vin10lAlle@finferie.gm1eg.mongodb.net/finferie?retryWrites=true&w=majority","level":"info","service":"user-service"}
{"message":"listening on port 3005","level":"info","service":"user-service"}
{"message":"Connected to DB mongodb+srv://admin:vin10lAlle@finferie.gm1eg.mongodb.net/finferie?retryWrites=true&w=majority","level":"info","service":"user-service"}
{"service":"user-service","level":"error","message":"Date.now is not a constructor Date.now is not a constructor","stack":"TypeError: Date.now is not a constructor\n    at C:\\dev\\Node_js\\finferie\\routes\\reviews.js:27:15\n    at processTicksAndRejections (internal/process/task_queues.js:97:5)"}
{"message":"listening on port 3005","level":"info","service":"user-service"}
{"message":"Connected to DB mongodb+srv://admin:vin10lAlle@finferie.gm1eg.mongodb.net/finferie?retryWrites=true&w=majority","level":"info","service":"user-service"}
{"message":"listening on port 3005","level":"info","service":"user-service"}
{"message":"Connected to DB mongodb+srv://admin:vin10lAlle@finferie.gm1eg.mongodb.net/finferie?retryWrites=true&w=majority","level":"info","service":"user-service"}
{"service":"user-service","level":"error","message":"(intermediate value).now is not a function (intermediate value).now is not a function","stack":"TypeError: (intermediate value).now is not a function\n    at C:\\dev\\Node_js\\finferie\\routes\\reviews.js:27:26\n    at processTicksAndRejections (internal/process/task_queues.js:97:5)"}
{"message":"listening on port 3005","level":"info","service":"user-service"}
{"message":"Connected to DB mongodb+srv://admin:vin10lAlle@finferie.gm1eg.mongodb.net/finferie?retryWrites=true&w=majority","level":"info","service":"user-service"}
{"service":"user-service","level":"error","message":"Date.getTime is not a function Date.getTime is not a function","stack":"TypeError: Date.getTime is not a function\n    at C:\\dev\\Node_js\\finferie\\routes\\reviews.js:27:20\n    at processTicksAndRejections (internal/process/task_queues.js:97:5)"}
{"message":"listening on port 3005","level":"info","service":"user-service"}
{"message":"Connected to DB mongodb+srv://admin:vin10lAlle@finferie.gm1eg.mongodb.net/finferie?retryWrites=true&w=majority","level":"info","service":"user-service"}
